<?xml version="1.0" encoding="UTF-8"?>
<!-- Generated by org.testng.reporters.JUnitXMLReporter -->
<testsuite ignored="0" hostname="Mohamed-Abdelga" failures="0" tests="3" name="Test" time="0.422" errors="0" timestamp="2025-08-23T16:25:16 EEST">
  <testcase classname="TestComponent.BaseTest" name="@BeforeMethod launchApplication" time="0.006">
    <failure type="java.lang.RuntimeException" message="Browser not supported: firefox">
      <![CDATA[java.lang.RuntimeException: Browser not supported: firefox
at TestComponent.BaseTest.initializeDriver(BaseTest.java:60)
at TestComponent.BaseTest.launchApplication(BaseTest.java:76)
at java.base/java.util.ArrayList.forEach(ArrayList.java:1596)
at java.base/java.util.concurrent.FutureTask.run(FutureTask.java:317)
at java.base/java.util.concurrent.ThreadPoolExecutor.runWorker(ThreadPoolExecutor.java:1144)
at java.base/java.util.concurrent.ThreadPoolExecutor$Worker.run(ThreadPoolExecutor.java:642)
at java.base/java.lang.Thread.run(Thread.java:1583)
... Removed 19 stack frames]]>
    </failure>
  </testcase> <!-- @BeforeMethod launchApplication -->
  <testcase classname="TestComponent.BaseTest" name="@BeforeMethod launchApplication" time="0.001">
    <failure type="java.lang.RuntimeException" message="Browser not supported: firefox">
      <![CDATA[java.lang.RuntimeException: Browser not supported: firefox
at TestComponent.BaseTest.initializeDriver(BaseTest.java:60)
at TestComponent.BaseTest.launchApplication(BaseTest.java:76)
at java.base/java.util.ArrayList.forEach(ArrayList.java:1596)
at java.base/java.util.concurrent.FutureTask.run(FutureTask.java:317)
at java.base/java.util.concurrent.ThreadPoolExecutor.runWorker(ThreadPoolExecutor.java:1144)
at java.base/java.util.concurrent.ThreadPoolExecutor$Worker.run(ThreadPoolExecutor.java:642)
at java.base/java.lang.Thread.run(Thread.java:1583)
... Removed 19 stack frames]]>
    </failure>
  </testcase> <!-- @BeforeMethod launchApplication -->
  <testcase classname="tests.SubmitOrderTest" name="submitOrder" time="0.0">
    <skipped/>
  </testcase> <!-- submitOrder -->
  <testcase classname="tests.SubmitOrderTest" name="submitOrder" time="0.001">
    <skipped/>
  </testcase> <!-- submitOrder -->
  <testcase classname="tests.SubmitOrderTest" name="OrderHistoryTest" time="0.0">
    <skipped/>
  </testcase> <!-- OrderHistoryTest -->
</testsuite> <!-- Test -->
